<?xml version="1.0" encoding="utf-8"?><testsuites name="pytest tests"><testsuite name="pytest" errors="0" failures="0" skipped="0" tests="3" time="44.179" timestamp="2026-06-20T02:52:46.149299+05:00" hostname="Afnan"><testcase classname="tools.qa.test_concurrency.ConcurrencySmokeSuiteTest" name="test_concurrent_dashboard_gets" time="16.280" /><testcase classname="tools.qa.test_concurrency.ConcurrencySmokeSuiteTest" name="test_concurrent_mixed_read_write" time="16.338" /><testcase classname="tools.qa.test_concurrency.ConcurrencySmokeSuiteTest" name="test_concurrent_notification_poll" time="10.684" /></testsuite></testsuites>