<?xml version="1.0" encoding="utf-8"?><testsuites name="pytest tests"><testsuite name="pytest" errors="0" failures="0" skipped="0" tests="10" time="251.896" timestamp="2026-06-20T02:46:43.395093+05:00" hostname="Afnan"><testcase classname="tools.qa.test_browser_crawl.BrowserCrawlTest" name="test_crawl_accountant" time="32.677" /><testcase classname="tools.qa.test_browser_crawl.BrowserCrawlTest" name="test_crawl_admin" time="93.530" /><testcase classname="tools.qa.test_browser_crawl.BrowserCrawlTest" name="test_crawl_anonymous" time="0.650" /><testcase classname="tools.qa.test_browser_crawl.BrowserCrawlTest" name="test_crawl_guardian" time="29.628" /><testcase classname="tools.qa.test_browser_crawl.BrowserCrawlTest" name="test_crawl_principal" time="34.548" /><testcase classname="tools.qa.test_browser_crawl.BrowserCrawlTest" name="test_crawl_registrar" time="16.860" /><testcase classname="tools.qa.test_browser_crawl.BrowserCrawlTest" name="test_crawl_student" time="30.651" /><testcase classname="tools.qa.test_browser_crawl.BrowserCrawlTest" name="test_crawl_teacher" time="12.242" /><testcase classname="tools.qa.test_browser_crawl.BrowserCrawlTest" name="test_z_crawl_json_gate" time="0.209" /><testcase classname="tools.qa.test_browser_crawl.BrowserCrawlTest" name="test_zz_no_unresolved_defects_in_report" time="0.735" /></testsuite></testsuites>