<?xml version="1.0" encoding="utf-8"?><testsuites name="pytest tests"><testsuite name="pytest" errors="0" failures="0" skipped="0" tests="10" time="8.342" timestamp="2026-06-20T02:44:42.607239+05:00" hostname="Afnan"><testcase classname="tools.qa.test_form_persistence.FormPersistenceFullSuiteTest" name="test_admission_create_roundtrip" time="7.257" /><testcase classname="tools.qa.test_form_persistence.FormPersistenceFullSuiteTest" name="test_expense_form_roundtrip" time="0.132" /><testcase classname="tools.qa.test_form_persistence.FormPersistenceFullSuiteTest" name="test_notification_template_roundtrip" time="0.098" /><testcase classname="tools.qa.test_form_persistence.FormPersistenceFullSuiteTest" name="test_payment_form_roundtrip" time="0.088" /><testcase classname="tools.qa.test_form_persistence.FormPersistenceFullSuiteTest" name="test_profile_form_roundtrip" time="0.094" /><testcase classname="tools.qa.test_form_persistence.FormPersistenceFullSuiteTest" name="test_refund_form_roundtrip" time="0.155" /><testcase classname="tools.qa.test_form_persistence.FormPersistenceFullSuiteTest" name="test_session_create_roundtrip" time="0.107" /><testcase classname="tools.qa.test_form_persistence.FormPersistenceFullSuiteTest" name="test_staff_create_roundtrip" time="0.080" /><testcase classname="tools.qa.test_form_persistence.FormPersistenceFullSuiteTest" name="test_student_create_roundtrip" time="0.138" /><testcase classname="tools.qa.test_form_persistence.FormPersistenceFullSuiteTest" name="test_timetable_create_roundtrip" time="0.101" /></testsuite></testsuites>