<?xml version="1.0" encoding="utf-8"?><testsuites name="pytest tests"><testsuite name="pytest" errors="0" failures="0" skipped="0" tests="12" time="3.970" timestamp="2026-06-20T02:46:03.364669+05:00" hostname="Afnan"><testcase classname="tools.qa.test_consistency_invariants.IdentityInvariantTests" name="test_display_name_after_name_update" time="3.860" /><testcase classname="tools.qa.test_consistency_invariants.IdentityInvariantTests" name="test_display_name_falls_back_to_username" time="0.003" /><testcase classname="tools.qa.test_consistency_invariants.IdentityInvariantTests" name="test_display_name_strips_whitespace" time="0.006" /><testcase classname="tools.qa.test_consistency_invariants.IdentityInvariantTests" name="test_display_name_uses_first_name_only" time="0.003" /><testcase classname="tools.qa.test_consistency_invariants.IdentityInvariantTests" name="test_display_name_uses_full_name_when_available" time="0.003" /><testcase classname="tools.qa.test_consistency_invariants.IdentityInvariantTests" name="test_display_name_uses_last_name_only" time="0.004" /><testcase classname="tools.qa.test_consistency_invariants.IdentityInvariantTests" name="test_full_name_property_consistent_with_get_full_name" time="0.004" /><testcase classname="tools.qa.test_consistency_invariants.IdentityInvariantTests" name="test_username_is_not_display_name_when_full_name_exists" time="0.003" /><testcase classname="tools.qa.test_consistency_invariants.ModelPropertyConsistencyTests" name="test_email_uniqueness" time="0.003" /><testcase classname="tools.qa.test_consistency_invariants.ModelPropertyConsistencyTests" name="test_group_membership_roundtrip" time="0.008" /><testcase classname="tools.qa.test_consistency_invariants.ModelPropertyConsistencyTests" name="test_user_profile_creation" time="0.004" /><testcase classname="tools.qa.test_consistency_invariants.ModelPropertyConsistencyTests" name="test_user_status_field_values" time="0.003" /></testsuite></testsuites>