<?xml version="1.0" encoding="utf-8"?><testsuites name="pytest tests"><testsuite name="pytest" errors="0" failures="0" skipped="0" tests="5" time="26.171" timestamp="2026-06-20T02:46:09.266270+05:00" hostname="Afnan"><testcase classname="tools.qa.test_stale_data.StaleDataTests" name="test_cross_context_freshness" time="12.986" /><testcase classname="tools.qa.test_stale_data.StaleDataTests" name="test_update_then_immediate_get" time="2.698" /><testcase classname="tools.qa.test_stale_data.StaleDataTests" name="test_update_then_logout_login" time="4.182" /><testcase classname="tools.qa.test_stale_data.StaleDataTests" name="test_update_then_navigate_back" time="3.044" /><testcase classname="tools.qa.test_stale_data.StaleDataTests" name="test_update_then_refresh" time="3.098" /></testsuite></testsuites>