<?xml version="1.0" encoding="utf-8"?><testsuites name="pytest tests"><testsuite name="pytest" errors="0" failures="0" skipped="0" tests="3" time="27.963" timestamp="2026-06-20T02:45:03.482805+05:00" hostname="Afnan"><testcase classname="tools.qa.test_profile_identity.ProfileIdentityPropagationTest" name="test_display_name_fallback_to_username" time="14.048" /><testcase classname="tools.qa.test_profile_identity.ProfileIdentityPropagationTest" name="test_profile_update_propagates_to_all_identity_surfaces" time="9.693" /><testcase classname="tools.qa.test_profile_identity.ProfileIdentityPropagationTest" name="test_username_remains_unchanged_after_profile_update" time="3.992" /></testsuite></testsuites>