<?xml version="1.0" encoding="utf-8"?><testsuites name="pytest tests"><testsuite name="pytest" errors="0" failures="0" skipped="0" tests="17" time="3.950" timestamp="2026-06-20T02:46:37.557978+05:00" hostname="Afnan"><testcase classname="tools.qa.test_business_invariants.ExamMarkInvariantTests" name="test_obtained_marks_cannot_exceed_total" time="3.806" /><testcase classname="tools.qa.test_business_invariants.ExamMarkInvariantTests" name="test_passing_marks_cannot_exceed_total" time="0.006" /><testcase classname="tools.qa.test_business_invariants.ExamMarkInvariantTests" name="test_percentage_auto_calculated" time="0.004" /><testcase classname="tools.qa.test_business_invariants.ExamMarkInvariantTests" name="test_zero_marks_produces_zero_percentage" time="0.004" /><testcase classname="tools.qa.test_business_invariants.GradeConfigInvariantTests" name="test_min_cannot_exceed_max_percentage" time="0.005" /><testcase classname="tools.qa.test_business_invariants.GradeConfigInvariantTests" name="test_valid_grade_config_saves" time="0.004" /><testcase classname="tools.qa.test_business_invariants.SessionStatusInvariantTests" name="test_session_status_choices" time="0.003" /><testcase classname="tools.qa.test_business_invariants.ExamStatusWorkflowTests" name="test_draft_exam_not_published" time="0.005" /><testcase classname="tools.qa.test_business_invariants.ExamStatusWorkflowTests" name="test_exam_default_status_is_draft" time="0.004" /><testcase classname="tools.qa.test_business_invariants.ExamStatusWorkflowTests" name="test_published_exam_sets_is_published_flag" time="0.007" /><testcase classname="tools.qa.test_business_invariants.EnrollmentUniqueConstraintTests" name="test_student_can_enroll_in_session" time="0.006" /><testcase classname="tools.qa.test_business_invariants.TeacherAssignmentConstraintTests" name="test_duplicate_assignment_rejected" time="0.007" /><testcase classname="tools.qa.test_business_invariants.TeacherAssignmentConstraintTests" name="test_teacher_assignment_creates" time="0.008" /><testcase classname="tools.qa.test_business_invariants.DisplayNameInvariantTests" name="test_fallback_to_username" time="0.003" /><testcase classname="tools.qa.test_business_invariants.DisplayNameInvariantTests" name="test_first_name_only" time="0.002" /><testcase classname="tools.qa.test_business_invariants.DisplayNameInvariantTests" name="test_full_name_takes_precedence" time="0.002" /><testcase classname="tools.qa.test_business_invariants.DisplayNameInvariantTests" name="test_whitespace_normalized" time="0.004" /></testsuite></testsuites>