<?xml version="1.0" encoding="utf-8"?><testsuites name="pytest tests"><testsuite name="pytest" errors="0" failures="0" skipped="0" tests="27" time="8.343" timestamp="2026-06-20T02:44:53.068485+05:00" hostname="Afnan"><testcase classname="tools.qa.test_authorization.RoleAuthorizationMatrixTest" name="test_admin_automation_alerts" time="6.178" /><testcase classname="tools.qa.test_authorization.RoleAuthorizationMatrixTest" name="test_admin_automation_jobs" time="0.065" /><testcase classname="tools.qa.test_authorization.RoleAuthorizationMatrixTest" name="test_admin_dashboard_access" time="0.104" /><testcase classname="tools.qa.test_authorization.RoleAuthorizationMatrixTest" name="test_admin_email_logs" time="0.078" /><testcase classname="tools.qa.test_authorization.RoleAuthorizationMatrixTest" name="test_admin_finance_access" time="0.086" /><testcase classname="tools.qa.test_authorization.RoleAuthorizationMatrixTest" name="test_admin_student_list" time="0.163" /><testcase classname="tools.qa.test_authorization.RoleAuthorizationMatrixTest" name="test_admin_student_portal_denied" time="0.069" /><testcase classname="tools.qa.test_authorization.RoleAuthorizationMatrixTest" name="test_all_roles_can_access_own_profile" time="0.224" /><testcase classname="tools.qa.test_authorization.RoleAuthorizationMatrixTest" name="test_anonymous_dashboard_denied" time="0.056" /><testcase classname="tools.qa.test_authorization.RoleAuthorizationMatrixTest" name="test_anonymous_profile_redirect" time="0.052" /><testcase classname="tools.qa.test_authorization.RoleAuthorizationMatrixTest" name="test_direct_post_bypass_create" time="0.057" /><testcase classname="tools.qa.test_authorization.RoleAuthorizationMatrixTest" name="test_guardian_only_sees_linked_children" time="0.077" /><testcase classname="tools.qa.test_authorization.RoleAuthorizationMatrixTest" name="test_guardian_portal_access" time="0.072" /><testcase classname="tools.qa.test_authorization.RoleAuthorizationMatrixTest" name="test_inactive_dashboard_access" time="0.062" /><testcase classname="tools.qa.test_authorization.RoleAuthorizationMatrixTest" name="test_principal_dashboard_access" time="0.116" /><testcase classname="tools.qa.test_authorization.RoleAuthorizationMatrixTest" name="test_registrar_cannot_approve" time="0.066" /><testcase classname="tools.qa.test_authorization.RoleAuthorizationMatrixTest" name="test_student_admin_dashboard_denied" time="0.054" /><testcase classname="tools.qa.test_authorization.RoleAuthorizationMatrixTest" name="test_student_automation_denied" time="0.052" /><testcase classname="tools.qa.test_authorization.RoleAuthorizationMatrixTest" name="test_student_cannot_access_other_student_portal" time="0.152" /><testcase classname="tools.qa.test_authorization.RoleAuthorizationMatrixTest" name="test_student_finance_denied" time="0.062" /><testcase classname="tools.qa.test_authorization.RoleAuthorizationMatrixTest" name="test_student_portal_access" time="0.079" /><testcase classname="tools.qa.test_authorization.RoleAuthorizationMatrixTest" name="test_student_student_list_denied" time="0.056" /><testcase classname="tools.qa.test_authorization.RoleAuthorizationMatrixTest" name="test_teacher_admin_dashboard_denied" time="0.055" /><testcase classname="tools.qa.test_authorization.RoleAuthorizationMatrixTest" name="test_teacher_automation_denied" time="0.055" /><testcase classname="tools.qa.test_authorization.RoleAuthorizationMatrixTest" name="test_teacher_email_logs_denied" time="0.055" /><testcase classname="tools.qa.test_authorization.RoleAuthorizationMatrixTest" name="test_teacher_finance_denied" time="0.057" /><testcase classname="tools.qa.test_authorization.RoleAuthorizationMatrixTest" name="test_teacher_student_list_denied" time="0.056" /></testsuite></testsuites>